{"/Users/philip/github/integration-service/index.js":{"path":"/Users/philip/github/integration-service/index.js","s":{"1":1,"2":1,"3":1,"4":1,"5":1,"6":1,"7":1,"8":1,"9":1,"10":1,"11":1,"12":1,"13":8,"14":8,"15":1,"16":0,"17":1,"18":0,"19":1,"20":8,"21":8,"22":0,"23":0,"24":8,"25":3,"26":3,"27":3,"28":5,"29":1,"30":3,"31":3,"32":3,"33":3,"34":3,"35":0,"36":0,"37":3,"38":3,"39":3,"40":3,"41":0,"42":0,"43":3,"44":1,"45":1,"46":1,"47":1,"48":1,"49":0,"50":0,"51":1,"52":1,"53":1,"54":1,"55":1,"56":0,"57":0,"58":1,"59":1,"60":1,"61":1,"62":1,"63":1,"64":0,"65":0},"b":{"1":[0,8],"2":[3,5],"3":[8,5],"4":[0,3],"5":[0,3],"6":[0,1],"7":[0,1],"8":[1,0]},"f":{"1":8,"2":0,"3":0,"4":8,"5":3,"6":3,"7":3,"8":1,"9":1,"10":1,"11":1,"12":1,"13":0},"fnMap":{"1":{"name":"addUUID","line":30,"loc":{"start":{"line":30,"column":13},"end":{"line":30,"column":46}}},"2":{"name":"(anonymous_2)","line":36,"loc":{"start":{"line":36,"column":19},"end":{"line":36,"column":38}}},"3":{"name":"(anonymous_3)","line":41,"loc":{"start":{"line":41,"column":13},"end":{"line":41,"column":32}}},"4":{"name":"enforceAuth","line":46,"loc":{"start":{"line":46,"column":19},"end":{"line":46,"column":56}}},"5":{"name":"provisionRequest","line":70,"loc":{"start":{"line":70,"column":30},"end":{"line":70,"column":66}}},"6":{"name":"(anonymous_6)","line":85,"loc":{"start":{"line":85,"column":5},"end":{"line":85,"column":17}}},"7":{"name":"insertedIntoMongo","line":112,"loc":{"start":{"line":112,"column":24},"end":{"line":112,"column":55}}},"8":{"name":"(anonymous_8)","line":144,"loc":{"start":{"line":144,"column":33},"end":{"line":144,"column":52}}},"9":{"name":"(anonymous_9)","line":159,"loc":{"start":{"line":159,"column":27},"end":{"line":159,"column":39}}},"10":{"name":"(anonymous_10)","line":181,"loc":{"start":{"line":181,"column":36},"end":{"line":181,"column":55}}},"11":{"name":"(anonymous_11)","line":189,"loc":{"start":{"line":189,"column":17},"end":{"line":189,"column":29}}},"12":{"name":"listen","line":213,"loc":{"start":{"line":213,"column":19},"end":{"line":213,"column":41}}},"13":{"name":"(anonymous_13)","line":223,"loc":{"start":{"line":223,"column":19},"end":{"line":223,"column":30}},"skip":true}},"statementMap":{"1":{"start":{"line":2,"column":0},"end":{"line":2,"column":32}},"2":{"start":{"line":4,"column":0},"end":{"line":4,"column":39}},"3":{"start":{"line":6,"column":0},"end":{"line":6,"column":30}},"4":{"start":{"line":8,"column":0},"end":{"line":8,"column":28}},"5":{"start":{"line":10,"column":0},"end":{"line":10,"column":32}},"6":{"start":{"line":12,"column":0},"end":{"line":12,"column":27}},"7":{"start":{"line":14,"column":0},"end":{"line":14,"column":32}},"8":{"start":{"line":17,"column":0},"end":{"line":17,"column":31}},"9":{"start":{"line":20,"column":0},"end":{"line":20,"column":19}},"10":{"start":{"line":23,"column":0},"end":{"line":23,"column":26}},"11":{"start":{"line":26,"column":0},"end":{"line":26,"column":54}},"12":{"start":{"line":30,"column":0},"end":{"line":33,"column":2}},"13":{"start":{"line":31,"column":2},"end":{"line":31,"column":22}},"14":{"start":{"line":32,"column":2},"end":{"line":32,"column":8}},"15":{"start":{"line":36,"column":0},"end":{"line":38,"column":2}},"16":{"start":{"line":37,"column":2},"end":{"line":37,"column":30}},"17":{"start":{"line":41,"column":0},"end":{"line":43,"column":2}},"18":{"start":{"line":42,"column":2},"end":{"line":42,"column":30}},"19":{"start":{"line":46,"column":0},"end":{"line":63,"column":2}},"20":{"start":{"line":47,"column":2},"end":{"line":47,"column":24}},"21":{"start":{"line":49,"column":2},"end":{"line":52,"column":3}},"22":{"start":{"line":50,"column":4},"end":{"line":50,"column":73}},"23":{"start":{"line":51,"column":4},"end":{"line":51,"column":33}},"24":{"start":{"line":54,"column":2},"end":{"line":60,"column":3}},"25":{"start":{"line":57,"column":4},"end":{"line":57,"column":73}},"26":{"start":{"line":58,"column":4},"end":{"line":58,"column":79}},"27":{"start":{"line":59,"column":4},"end":{"line":59,"column":32}},"28":{"start":{"line":62,"column":2},"end":{"line":62,"column":8}},"29":{"start":{"line":70,"column":0},"end":{"line":137,"column":2}},"30":{"start":{"line":76,"column":2},"end":{"line":76,"column":48}},"31":{"start":{"line":78,"column":2},"end":{"line":78,"column":58}},"32":{"start":{"line":79,"column":2},"end":{"line":79,"column":55}},"33":{"start":{"line":82,"column":2},"end":{"line":136,"column":4}},"34":{"start":{"line":88,"column":4},"end":{"line":93,"column":5}},"35":{"start":{"line":89,"column":6},"end":{"line":89,"column":48}},"36":{"start":{"line":90,"column":6},"end":{"line":92,"column":8}},"37":{"start":{"line":95,"column":4},"end":{"line":95,"column":55}},"38":{"start":{"line":96,"column":4},"end":{"line":109,"column":5}},"39":{"start":{"line":112,"column":4},"end":{"line":135,"column":6}},"40":{"start":{"line":115,"column":6},"end":{"line":120,"column":7}},"41":{"start":{"line":116,"column":8},"end":{"line":116,"column":50}},"42":{"start":{"line":117,"column":8},"end":{"line":119,"column":10}},"43":{"start":{"line":123,"column":6},"end":{"line":134,"column":8}},"44":{"start":{"line":144,"column":0},"end":{"line":174,"column":2}},"45":{"start":{"line":147,"column":2},"end":{"line":149,"column":3}},"46":{"start":{"line":154,"column":2},"end":{"line":156,"column":3}},"47":{"start":{"line":159,"column":2},"end":{"line":173,"column":4}},"48":{"start":{"line":162,"column":4},"end":{"line":167,"column":5}},"49":{"start":{"line":163,"column":6},"end":{"line":163,"column":48}},"50":{"start":{"line":164,"column":6},"end":{"line":166,"column":8}},"51":{"start":{"line":170,"column":4},"end":{"line":172,"column":6}},"52":{"start":{"line":181,"column":0},"end":{"line":204,"column":2}},"53":{"start":{"line":184,"column":2},"end":{"line":186,"column":3}},"54":{"start":{"line":189,"column":2},"end":{"line":203,"column":4}},"55":{"start":{"line":192,"column":4},"end":{"line":197,"column":5}},"56":{"start":{"line":193,"column":6},"end":{"line":193,"column":46}},"57":{"start":{"line":194,"column":6},"end":{"line":196,"column":8}},"58":{"start":{"line":200,"column":4},"end":{"line":202,"column":6}},"59":{"start":{"line":209,"column":0},"end":{"line":226,"column":1}},"60":{"start":{"line":213,"column":2},"end":{"line":219,"column":3}},"61":{"start":{"line":214,"column":4},"end":{"line":214,"column":33}},"62":{"start":{"line":217,"column":4},"end":{"line":217,"column":32}},"63":{"start":{"line":218,"column":4},"end":{"line":218,"column":17}},"64":{"start":{"line":223,"column":2},"end":{"line":225,"column":4},"skip":true},"65":{"start":{"line":224,"column":4},"end":{"line":224,"column":42},"skip":true}},"branchMap":{"1":{"line":49,"type":"if","locations":[{"start":{"line":49,"column":2},"end":{"line":49,"column":2}},{"start":{"line":49,"column":2},"end":{"line":49,"column":2}}]},"2":{"line":54,"type":"if","locations":[{"start":{"line":54,"column":2},"end":{"line":54,"column":2}},{"start":{"line":54,"column":2},"end":{"line":54,"column":2}}]},"3":{"line":54,"type":"binary-expr","locations":[{"start":{"line":54,"column":7},"end":{"line":54,"column":44}},{"start":{"line":55,"column":7},"end":{"line":55,"column":38}}]},"4":{"line":88,"type":"if","locations":[{"start":{"line":88,"column":4},"end":{"line":88,"column":4}},{"start":{"line":88,"column":4},"end":{"line":88,"column":4}}]},"5":{"line":115,"type":"if","locations":[{"start":{"line":115,"column":6},"end":{"line":115,"column":6}},{"start":{"line":115,"column":6},"end":{"line":115,"column":6}}]},"6":{"line":162,"type":"if","locations":[{"start":{"line":162,"column":4},"end":{"line":162,"column":4}},{"start":{"line":162,"column":4},"end":{"line":162,"column":4}}]},"7":{"line":192,"type":"if","locations":[{"start":{"line":192,"column":4},"end":{"line":192,"column":4}},{"start":{"line":192,"column":4},"end":{"line":192,"column":4}}]},"8":{"line":209,"type":"if","locations":[{"start":{"line":209,"column":0},"end":{"line":209,"column":0}},{"start":{"line":209,"column":0},"end":{"line":209,"column":0},"skip":true}]}}},"/Users/philip/github/integration-service/db.js":{"path":"/Users/philip/github/integration-service/db.js","s":{"1":1,"2":1,"3":1,"4":1,"5":5,"6":4,"7":1,"8":0,"9":0,"10":1,"11":1,"12":0,"13":1,"14":1,"15":1,"16":1,"17":1,"18":1,"19":3,"20":3,"21":0,"22":3,"23":3,"24":1,"25":1,"26":1,"27":0,"28":1,"29":1,"30":1,"31":1,"32":1,"33":1,"34":1,"35":1,"36":1,"37":1,"38":1,"39":0,"40":1,"41":0,"42":1},"b":{"1":[4,1],"2":[0,1],"3":[0,1],"4":[1,0],"5":[0,3],"6":[0,1],"7":[0,1],"8":[0,1]},"f":{"1":5,"2":1,"3":1,"4":3,"5":3,"6":1,"7":1,"8":1,"9":1,"10":1},"fnMap":{"1":{"name":"getCollection","line":6,"loc":{"start":{"line":6,"column":0},"end":{"line":6,"column":28}}},"2":{"name":"mongoConnected","line":16,"loc":{"start":{"line":16,"column":63},"end":{"line":16,"column":94}}},"3":{"name":"(anonymous_3)","line":23,"loc":{"start":{"line":23,"column":23},"end":{"line":23,"column":39}}},"4":{"name":"insertKey","line":27,"loc":{"start":{"line":27,"column":24},"end":{"line":27,"column":57}}},"5":{"name":"haveConnection","line":28,"loc":{"start":{"line":28,"column":23},"end":{"line":28,"column":53}}},"6":{"name":"updateKey","line":38,"loc":{"start":{"line":38,"column":24},"end":{"line":38,"column":62}}},"7":{"name":"haveConnection","line":39,"loc":{"start":{"line":39,"column":23},"end":{"line":39,"column":53}}},"8":{"name":"deleteKey","line":55,"loc":{"start":{"line":55,"column":24},"end":{"line":55,"column":52}}},"9":{"name":"haveConnection","line":56,"loc":{"start":{"line":56,"column":23},"end":{"line":56,"column":53}}},"10":{"name":"deleted","line":69,"loc":{"start":{"line":69,"column":46},"end":{"line":69,"column":69}}}},"statementMap":{"1":{"start":{"line":1,"column":0},"end":{"line":1,"column":48}},"2":{"start":{"line":2,"column":0},"end":{"line":2,"column":32}},"3":{"start":{"line":4,"column":0},"end":{"line":4,"column":21}},"4":{"start":{"line":6,"column":0},"end":{"line":21,"column":1}},"5":{"start":{"line":7,"column":2},"end":{"line":9,"column":3}},"6":{"start":{"line":8,"column":4},"end":{"line":8,"column":64}},"7":{"start":{"line":11,"column":2},"end":{"line":14,"column":3}},"8":{"start":{"line":12,"column":4},"end":{"line":12,"column":32}},"9":{"start":{"line":13,"column":4},"end":{"line":13,"column":27}},"10":{"start":{"line":16,"column":2},"end":{"line":20,"column":4}},"11":{"start":{"line":17,"column":4},"end":{"line":17,"column":22}},"12":{"start":{"line":17,"column":10},"end":{"line":17,"column":22}},"13":{"start":{"line":18,"column":4},"end":{"line":18,"column":19}},"14":{"start":{"line":19,"column":4},"end":{"line":19,"column":56}},"15":{"start":{"line":23,"column":0},"end":{"line":25,"column":1}},"16":{"start":{"line":24,"column":2},"end":{"line":24,"column":35}},"17":{"start":{"line":24,"column":17},"end":{"line":24,"column":35}},"18":{"start":{"line":27,"column":0},"end":{"line":36,"column":1}},"19":{"start":{"line":28,"column":2},"end":{"line":35,"column":4}},"20":{"start":{"line":29,"column":4},"end":{"line":29,"column":22}},"21":{"start":{"line":29,"column":10},"end":{"line":29,"column":22}},"22":{"start":{"line":30,"column":4},"end":{"line":33,"column":5}},"23":{"start":{"line":34,"column":4},"end":{"line":34,"column":39}},"24":{"start":{"line":38,"column":0},"end":{"line":53,"column":1}},"25":{"start":{"line":39,"column":2},"end":{"line":52,"column":4}},"26":{"start":{"line":40,"column":4},"end":{"line":40,"column":22}},"27":{"start":{"line":40,"column":10},"end":{"line":40,"column":22}},"28":{"start":{"line":41,"column":4},"end":{"line":44,"column":5}},"29":{"start":{"line":45,"column":4},"end":{"line":47,"column":5}},"30":{"start":{"line":48,"column":4},"end":{"line":50,"column":5}},"31":{"start":{"line":51,"column":4},"end":{"line":51,"column":47}},"32":{"start":{"line":55,"column":0},"end":{"line":77,"column":1}},"33":{"start":{"line":56,"column":2},"end":{"line":76,"column":4}},"34":{"start":{"line":57,"column":4},"end":{"line":60,"column":5}},"35":{"start":{"line":61,"column":4},"end":{"line":63,"column":5}},"36":{"start":{"line":64,"column":4},"end":{"line":68,"column":5}},"37":{"start":{"line":69,"column":4},"end":{"line":75,"column":6}},"38":{"start":{"line":70,"column":6},"end":{"line":70,"column":24}},"39":{"start":{"line":70,"column":12},"end":{"line":70,"column":24}},"40":{"start":{"line":71,"column":6},"end":{"line":73,"column":7}},"41":{"start":{"line":72,"column":8},"end":{"line":72,"column":59}},"42":{"start":{"line":74,"column":6},"end":{"line":74,"column":17}}},"branchMap":{"1":{"line":7,"type":"if","locations":[{"start":{"line":7,"column":2},"end":{"line":7,"column":2}},{"start":{"line":7,"column":2},"end":{"line":7,"column":2}}]},"2":{"line":11,"type":"if","locations":[{"start":{"line":11,"column":2},"end":{"line":11,"column":2}},{"start":{"line":11,"column":2},"end":{"line":11,"column":2}}]},"3":{"line":17,"type":"if","locations":[{"start":{"line":17,"column":4},"end":{"line":17,"column":4}},{"start":{"line":17,"column":4},"end":{"line":17,"column":4}}]},"4":{"line":24,"type":"if","locations":[{"start":{"line":24,"column":2},"end":{"line":24,"column":2}},{"start":{"line":24,"column":2},"end":{"line":24,"column":2}}]},"5":{"line":29,"type":"if","locations":[{"start":{"line":29,"column":4},"end":{"line":29,"column":4}},{"start":{"line":29,"column":4},"end":{"line":29,"column":4}}]},"6":{"line":40,"type":"if","locations":[{"start":{"line":40,"column":4},"end":{"line":40,"column":4}},{"start":{"line":40,"column":4},"end":{"line":40,"column":4}}]},"7":{"line":70,"type":"if","locations":[{"start":{"line":70,"column":6},"end":{"line":70,"column":6}},{"start":{"line":70,"column":6},"end":{"line":70,"column":6}}]},"8":{"line":71,"type":"if","locations":[{"start":{"line":71,"column":6},"end":{"line":71,"column":6}},{"start":{"line":71,"column":6},"end":{"line":71,"column":6}}]}}},"/Users/philip/github/integration-service/config/index.js":{"path":"/Users/philip/github/integration-service/config/index.js","s":{"1":1,"2":1,"3":1},"b":{"1":[1,1],"2":[1,1],"3":[1,1],"4":[1,1],"5":[1,1],"6":[1,1]},"f":{},"fnMap":{},"statementMap":{"1":{"start":{"line":1,"column":0},"end":{"line":1,"column":53}},"2":{"start":{"line":2,"column":0},"end":{"line":27,"column":1}},"3":{"start":{"line":31,"column":0},"end":{"line":31,"column":29}}},"branchMap":{"1":{"line":4,"type":"binary-expr","locations":[{"start":{"line":4,"column":9},"end":{"line":4,"column":36}},{"start":{"line":4,"column":40},"end":{"line":4,"column":69}}]},"2":{"line":7,"type":"binary-expr","locations":[{"start":{"line":7,"column":9},"end":{"line":7,"column":30}},{"start":{"line":7,"column":34},"end":{"line":7,"column":61}}]},"3":{"line":11,"type":"binary-expr","locations":[{"start":{"line":11,"column":15},"end":{"line":11,"column":47}},{"start":{"line":11,"column":53},"end":{"line":11,"column":58}}]},"4":{"line":12,"type":"binary-expr","locations":[{"start":{"line":12,"column":23},"end":{"line":12,"column":65}},{"start":{"line":12,"column":71},"end":{"line":12,"column":76}}]},"5":{"line":24,"type":"binary-expr","locations":[{"start":{"line":24,"column":8},"end":{"line":24,"column":29}},{"start":{"line":24,"column":33},"end":{"line":24,"column":49}}]},"6":{"line":25,"type":"binary-expr","locations":[{"start":{"line":25,"column":14},"end":{"line":25,"column":41}},{"start":{"line":25,"column":45},"end":{"line":25,"column":71}}]}}}}