TN:
SF:/Users/philip/github/integration-service/index.js
FN:30,addUUID
FN:36,(anonymous_2)
FN:41,(anonymous_3)
FN:46,enforceAuth
FN:70,provisionRequest
FN:85,(anonymous_6)
FN:112,insertedIntoMongo
FN:144,(anonymous_8)
FN:159,(anonymous_9)
FN:181,(anonymous_10)
FN:189,(anonymous_11)
FN:213,listen
FN:223,(anonymous_13)
FNF:13
FNH:11
FNDA:8,addUUID
FNDA:0,(anonymous_2)
FNDA:0,(anonymous_3)
FNDA:8,enforceAuth
FNDA:3,provisionRequest
FNDA:3,(anonymous_6)
FNDA:3,insertedIntoMongo
FNDA:1,(anonymous_8)
FNDA:1,(anonymous_9)
FNDA:1,(anonymous_10)
FNDA:1,(anonymous_11)
FNDA:1,listen
FNDA:0,(anonymous_13)
DA:2,1
DA:4,1
DA:6,1
DA:8,1
DA:10,1
DA:12,1
DA:14,1
DA:17,1
DA:20,1
DA:23,1
DA:26,1
DA:30,1
DA:31,8
DA:32,8
DA:36,1
DA:37,0
DA:41,1
DA:42,0
DA:46,1
DA:47,8
DA:49,8
DA:50,0
DA:51,0
DA:54,8
DA:57,3
DA:58,3
DA:59,3
DA:62,5
DA:70,1
DA:76,3
DA:78,3
DA:79,3
DA:82,3
DA:88,3
DA:89,0
DA:90,0
DA:95,3
DA:96,3
DA:112,3
DA:115,3
DA:116,0
DA:117,0
DA:123,3
DA:144,1
DA:147,1
DA:154,1
DA:159,1
DA:162,1
DA:163,0
DA:164,0
DA:170,1
DA:181,1
DA:184,1
DA:189,1
DA:192,1
DA:193,0
DA:194,0
DA:200,1
DA:209,1
DA:213,1
DA:214,1
DA:217,1
DA:218,1
DA:223,1
DA:224,1
LF:65
LH:53
BRDA:49,1,0,0
BRDA:49,1,1,8
BRDA:54,2,0,3
BRDA:54,2,1,5
BRDA:54,3,0,8
BRDA:54,3,1,5
BRDA:88,4,0,0
BRDA:88,4,1,3
BRDA:115,5,0,0
BRDA:115,5,1,3
BRDA:162,6,0,0
BRDA:162,6,1,1
BRDA:192,7,0,0
BRDA:192,7,1,1
BRDA:209,8,0,1
BRDA:209,8,1,0
BRF:16
BRH:11
end_of_record
TN:
SF:/Users/philip/github/integration-service/db.js
FN:6,getCollection
FN:16,mongoConnected
FN:23,(anonymous_3)
FN:27,insertKey
FN:28,haveConnection
FN:38,updateKey
FN:39,haveConnection
FN:55,deleteKey
FN:56,haveConnection
FN:69,deleted
FNF:10
FNH:10
FNDA:5,getCollection
FNDA:1,mongoConnected
FNDA:1,(anonymous_3)
FNDA:3,insertKey
FNDA:3,haveConnection
FNDA:1,updateKey
FNDA:1,haveConnection
FNDA:1,deleteKey
FNDA:1,haveConnection
FNDA:1,deleted
DA:1,1
DA:2,1
DA:4,1
DA:6,1
DA:7,5
DA:8,4
DA:11,1
DA:12,0
DA:13,0
DA:16,1
DA:17,1
DA:18,1
DA:19,1
DA:23,1
DA:24,1
DA:27,1
DA:28,3
DA:29,3
DA:30,3
DA:34,3
DA:38,1
DA:39,1
DA:40,1
DA:41,1
DA:45,1
DA:48,1
DA:51,1
DA:55,1
DA:56,1
DA:57,1
DA:61,1
DA:64,1
DA:69,1
DA:70,1
DA:71,1
DA:72,0
DA:74,1
LF:37
LH:34
BRDA:7,1,0,4
BRDA:7,1,1,1
BRDA:11,2,0,0
BRDA:11,2,1,1
BRDA:17,3,0,0
BRDA:17,3,1,1
BRDA:24,4,0,1
BRDA:24,4,1,0
BRDA:29,5,0,0
BRDA:29,5,1,3
BRDA:40,6,0,0
BRDA:40,6,1,1
BRDA:70,7,0,0
BRDA:70,7,1,1
BRDA:71,8,0,0
BRDA:71,8,1,1
BRF:16
BRH:9
end_of_record
TN:
SF:/Users/philip/github/integration-service/config/index.js
FNF:0
FNH:0
DA:1,1
DA:2,1
DA:31,1
LF:3
LH:3
BRDA:4,1,0,1
BRDA:4,1,1,1
BRDA:7,2,0,1
BRDA:7,2,1,1
BRDA:11,3,0,1
BRDA:11,3,1,1
BRDA:12,4,0,1
BRDA:12,4,1,1
BRDA:24,5,0,1
BRDA:24,5,1,1
BRDA:25,6,0,1
BRDA:25,6,1,1
BRF:12
BRH:12
end_of_record
